<?xml version="1.0" encoding="UTF-8"?>
<testng-results ignored="0" total="1" passed="1" failed="0" skipped="0">
  <reporter-output>
  </reporter-output>
  <suite started-at="2024-04-20T01:03:20 CEST" name="Suite" finished-at="2024-04-20T01:03:40 CEST" duration-ms="19847">
    <groups>
    </groups>
    <test started-at="2024-04-20T01:03:20 CEST" name="Test" finished-at="2024-04-20T01:03:40 CEST" duration-ms="19847">
      <class name="com.todos.tests.AddTodoTest">
        <test-method is-config="true" signature="SetupTest(java.lang.String)[pri:0, instance:com.todos.tests.AddTodoTest@20deea7f]" started-at="2024-04-20T01:03:20 CEST" name="SetupTest" finished-at="2024-04-20T01:03:38 CEST" duration-ms="17962" status="PASS">
          <params>
            <param index="0">
              <value>
                <![CDATA[chrome]]>
              </value>
            </param>
          </params>
          <reporter-output>
          </reporter-output>
        </test-method> <!-- SetupTest -->
        <test-method signature="icanAddToDo()[pri:1, instance:com.todos.tests.AddTodoTest@20deea7f]" started-at="2024-04-20T01:03:38 CEST" name="icanAddToDo" finished-at="2024-04-20T01:03:40 CEST" duration-ms="1586" status="PASS">
          <reporter-output>
          </reporter-output>
        </test-method> <!-- icanAddToDo -->
        <test-method is-config="true" signature="CleanTest()[pri:0, instance:com.todos.tests.AddTodoTest@20deea7f]" started-at="2024-04-20T01:03:40 CEST" name="CleanTest" finished-at="2024-04-20T01:03:40 CEST" duration-ms="245" status="PASS">
          <reporter-output>
          </reporter-output>
        </test-method> <!-- CleanTest -->
      </class> <!-- com.todos.tests.AddTodoTest -->
    </test> <!-- Test -->
  </suite> <!-- Suite -->
</testng-results>
